10:50:42.027 [main] INFO  TestCases.TC003_UpcomingBikePage - ---popular models are displayed---
10:50:43.751 [main] INFO  TestCases.TC003_UpcomingBikePage - ---returned homepage sucessfully---
10:50:47.242 [main] INFO  TestCases.TC003_UpcomingBikePage - ---clicked on upcoming bikes---
10:50:49.020 [main] INFO  TestCases.TC003_UpcomingBikePage - ---clickign on honda from dropdown is done---
10:50:57.347 [main] INFO  TestCases.TC003_UpcomingBikePage - ---details are shown successfully---
10:50:58.844 [main] INFO  TestCases.TC003_UpcomingBikePage - ---returned homepage successfully---
10:52:47.016 [main] INFO  TestCases.TC003_UpcomingBikePage - ---title is validated---
10:52:54.568 [main] INFO  TestCases.TC003_UpcomingBikePage - ---clicked on chennai city---
10:53:19.452 [main] INFO  TestCases.TC003_UpcomingBikePage - ---popular models are displayed---
10:53:20.562 [main] INFO  TestCases.TC003_UpcomingBikePage - ---returned homepage sucessfully---
10:53:23.316 [main] INFO  TestCases.TC003_UpcomingBikePage - ---clicked on upcoming bikes---
10:53:24.678 [main] INFO  TestCases.TC003_UpcomingBikePage - ---clickign on honda from dropdown is done---
10:53:33.045 [main] INFO  TestCases.TC003_UpcomingBikePage - ---details are shown successfully---
10:53:34.394 [main] INFO  TestCases.TC003_UpcomingBikePage - ---returned homepage successfully---
10:53:42.483 [main] INFO  TestCases.TC003_UpcomingBikePage - ---clickied on login and captured the error message too---
10:53:50.802 [main] INFO  TestCases.TC003_UpcomingBikePage - ---title is validated---
10:53:59.363 [main] INFO  TestCases.TC003_UpcomingBikePage - ---clicked on chennai city---
10:54:23.024 [main] INFO  TestCases.TC003_UpcomingBikePage - ---popular models are displayed---
10:54:24.380 [main] INFO  TestCases.TC003_UpcomingBikePage - ---returned homepage sucessfully---
10:54:29.771 [main] INFO  TestCases.TC003_UpcomingBikePage - ---clicked on upcoming bikes---
10:54:31.797 [main] INFO  TestCases.TC003_UpcomingBikePage - ---clickign on honda from dropdown is done---
10:54:39.559 [main] INFO  TestCases.TC003_UpcomingBikePage - ---details are shown successfully---
10:54:40.972 [main] INFO  TestCases.TC003_UpcomingBikePage - ---returned homepage successfully---
10:54:50.163 [main] INFO  TestCases.TC003_UpcomingBikePage - ---clickied on login and captured the error message too---
17:03:03.376 [main] INFO  TestCases.TC003_UpcomingBikePage - ---title is validated---
17:03:13.326 [main] INFO  TestCases.TC003_UpcomingBikePage - ---clicked on chennai city---
17:03:38.939 [main] INFO  TestCases.TC003_UpcomingBikePage - ---popular models are displayed---
17:03:41.749 [main] INFO  TestCases.TC003_UpcomingBikePage - ---returned homepage sucessfully---
17:03:47.525 [main] INFO  TestCases.TC003_UpcomingBikePage - ---clicked on upcoming bikes---
17:04:03.505 [main] INFO  TestCases.TC003_UpcomingBikePage - ---clickign on honda from dropdown is done---
17:04:12.165 [main] INFO  TestCases.TC003_UpcomingBikePage - ---details are shown successfully---
17:04:14.433 [main] INFO  TestCases.TC003_UpcomingBikePage - ---returned homepage successfully---
17:04:22.362 [main] INFO  TestCases.TC003_UpcomingBikePage - ---clickied on login and captured the error message too---
17:04:46.891 [main] INFO  TestCases.TC003_UpcomingBikePage - ---title is validated---
17:05:59.558 [main] INFO  TestCases.TC003_UpcomingBikePage - ---title is validated---
17:06:23.279 [main] INFO  TestCases.TC003_UpcomingBikePage - ---clicked on chennai city---
17:06:54.370 [main] INFO  TestCases.TC003_UpcomingBikePage - ---popular models are displayed---
17:07:41.409 [main] INFO  TestCases.TC003_UpcomingBikePage - ---returned homepage sucessfully---
17:07:56.627 [main] INFO  TestCases.TC003_UpcomingBikePage - ---clicked on upcoming bikes---
17:09:11.702 [main] INFO  TestCases.TC003_UpcomingBikePage - ---clickign on honda from dropdown is done---
17:09:24.157 [main] INFO  TestCases.TC003_UpcomingBikePage - ---details are shown successfully---
17:10:56.255 [main] INFO  TestCases.TC003_UpcomingBikePage - ---returned homepage successfully---
17:12:55.211 [main] INFO  TestCases.TC003_UpcomingBikePage - ---title is validated---
17:13:28.669 [main] INFO  TestCases.TC003_UpcomingBikePage - ---clicked on chennai city---
17:14:25.282 [main] INFO  TestCases.TC003_UpcomingBikePage - ---title is validated---
17:14:38.411 [main] INFO  TestCases.TC003_UpcomingBikePage - ---clicked on chennai city---
17:15:03.408 [main] INFO  TestCases.TC003_UpcomingBikePage - ---popular models are displayed---
17:15:05.704 [main] INFO  TestCases.TC003_UpcomingBikePage - ---returned homepage sucessfully---
17:15:13.183 [main] INFO  TestCases.TC003_UpcomingBikePage - ---clicked on upcoming bikes---
17:15:29.605 [main] INFO  TestCases.TC003_UpcomingBikePage - ---clickign on honda from dropdown is done---
17:15:39.694 [main] INFO  TestCases.TC003_UpcomingBikePage - ---details are shown successfully---
17:15:47.069 [main] INFO  TestCases.TC003_UpcomingBikePage - ---returned homepage successfully---
17:15:57.350 [main] INFO  TestCases.TC003_UpcomingBikePage - ---clickied on login and captured the error message too---
09:36:03.447 [main] INFO  TestCases.TC003_UpcomingBikePage - ---title is validated---
09:36:42.160 [main] INFO  TestCases.TC003_UpcomingBikePage - ---clicked on chennai city---
09:37:08.955 [main] INFO  TestCases.TC003_UpcomingBikePage - ---popular models are displayed---
09:37:42.074 [main] INFO  TestCases.TC003_UpcomingBikePage - ---returned homepage sucessfully---
09:38:14.764 [main] INFO  TestCases.TC003_UpcomingBikePage - ---clicked on upcoming bikes---
09:38:47.364 [main] INFO  TestCases.TC003_UpcomingBikePage - ---clickign on honda from dropdown is done---
09:38:57.023 [main] INFO  TestCases.TC003_UpcomingBikePage - ---details are shown successfully---
09:38:58.943 [main] INFO  TestCases.TC003_UpcomingBikePage - ---returned homepage successfully---
09:39:07.608 [main] INFO  TestCases.TC003_UpcomingBikePage - ---clickied on login and captured the error message too---
09:39:49.806 [main] INFO  TestCases.TC003_UpcomingBikePage - ---title is validated---
09:39:58.500 [main] INFO  TestCases.TC003_UpcomingBikePage - ---clicked on chennai city---
09:40:23.763 [main] INFO  TestCases.TC003_UpcomingBikePage - ---popular models are displayed---
09:41:38.459 [main] INFO  TestCases.TC003_UpcomingBikePage - ---returned homepage sucessfully---
09:42:31.430 [main] INFO  TestCases.TC003_UpcomingBikePage - ---clicked on upcoming bikes---
09:43:55.568 [main] INFO  TestCases.TC003_UpcomingBikePage - ---clickign on honda from dropdown is done---
09:44:08.537 [main] INFO  TestCases.TC003_UpcomingBikePage - ---details are shown successfully---
09:45:38.523 [main] INFO  TestCases.TC003_UpcomingBikePage - ---returned homepage successfully---
09:47:09.543 [main] INFO  TestCases.TC003_UpcomingBikePage - ---title is validated---
09:47:27.058 [main] INFO  TestCases.TC003_UpcomingBikePage - ---title is validated---
09:47:34.998 [main] INFO  TestCases.TC003_UpcomingBikePage - ---clicked on chennai city---
09:48:00.917 [main] INFO  TestCases.TC003_UpcomingBikePage - ---popular models are displayed---
09:48:02.070 [main] INFO  TestCases.TC003_UpcomingBikePage - ---returned homepage sucessfully---
09:48:05.116 [main] INFO  TestCases.TC003_UpcomingBikePage - ---clicked on upcoming bikes---
09:48:06.878 [main] INFO  TestCases.TC003_UpcomingBikePage - ---clickign on honda from dropdown is done---
09:48:18.046 [main] INFO  TestCases.TC003_UpcomingBikePage - ---details are shown successfully---
09:48:19.355 [main] INFO  TestCases.TC003_UpcomingBikePage - ---returned homepage successfully---
09:48:27.906 [main] INFO  TestCases.TC003_UpcomingBikePage - ---clickied on login and captured the error message too---
09:48:41.779 [main] INFO  TestCases.TC003_UpcomingBikePage - ---title is validated---
09:48:52.434 [main] INFO  TestCases.TC003_UpcomingBikePage - ---clicked on chennai city---
09:49:17.520 [main] INFO  TestCases.TC003_UpcomingBikePage - ---popular models are displayed---
09:49:19.786 [main] INFO  TestCases.TC003_UpcomingBikePage - ---returned homepage sucessfully---
09:49:26.440 [main] INFO  TestCases.TC003_UpcomingBikePage - ---clicked on upcoming bikes---
09:49:28.440 [main] INFO  TestCases.TC003_UpcomingBikePage - ---clickign on honda from dropdown is done---
09:49:38.099 [main] INFO  TestCases.TC003_UpcomingBikePage - ---details are shown successfully---
09:49:43.420 [main] INFO  TestCases.TC003_UpcomingBikePage - ---returned homepage successfully---
09:49:51.519 [main] INFO  TestCases.TC003_UpcomingBikePage - ---clickied on login and captured the error message too---
09:55:33.751 [main] INFO  TestCases.TC003_UpcomingBikePage - ---title is validated---
09:55:40.947 [main] INFO  TestCases.TC003_UpcomingBikePage - ---clicked on chennai city---
09:56:06.162 [main] INFO  TestCases.TC003_UpcomingBikePage - ---popular models are displayed---
09:56:07.350 [main] INFO  TestCases.TC003_UpcomingBikePage - ---returned homepage sucessfully---
09:56:10.313 [main] INFO  TestCases.TC003_UpcomingBikePage - ---clicked on upcoming bikes---
09:56:12.269 [main] INFO  TestCases.TC003_UpcomingBikePage - ---clickign on honda from dropdown is done---
09:56:21.796 [main] INFO  TestCases.TC003_UpcomingBikePage - ---details are shown successfully---
09:56:23.165 [main] INFO  TestCases.TC003_UpcomingBikePage - ---returned homepage successfully---
09:56:31.891 [main] INFO  TestCases.TC003_UpcomingBikePage - ---clickied on login and captured the error message too---
09:56:41.571 [main] INFO  TestCases.TC003_UpcomingBikePage - ---title is validated---
09:56:43.834 [main] INFO  TestCases.TC003_UpcomingBikePage - ---clicked on chennai city---
09:57:08.741 [main] INFO  TestCases.TC003_UpcomingBikePage - ---popular models are displayed---
09:57:10.786 [main] INFO  TestCases.TC003_UpcomingBikePage - ---returned homepage sucessfully---
09:57:18.397 [main] INFO  TestCases.TC003_UpcomingBikePage - ---clicked on upcoming bikes---
10:03:49.823 [main] INFO  TestCases.TC003_UpcomingBikePage - ---title is validated---
10:03:50.768 [main] INFO  TestCases.TC003_UpcomingBikePage - ---clicked on chennai city---
10:04:28.825 [main] INFO  TestCases.TC003_UpcomingBikePage - ---title is validated---
10:04:38.433 [main] INFO  TestCases.TC003_UpcomingBikePage - ---clicked on chennai city---
10:05:04.633 [main] INFO  TestCases.TC003_UpcomingBikePage - ---popular models are displayed---
10:05:05.922 [main] INFO  TestCases.TC003_UpcomingBikePage - ---returned homepage sucessfully---
10:05:09.043 [main] INFO  TestCases.TC003_UpcomingBikePage - ---clicked on upcoming bikes---
10:05:10.913 [main] INFO  TestCases.TC003_UpcomingBikePage - ---clickign on honda from dropdown is done---
10:05:21.577 [main] INFO  TestCases.TC003_UpcomingBikePage - ---details are shown successfully---
10:05:22.884 [main] INFO  TestCases.TC003_UpcomingBikePage - ---returned homepage successfully---
10:05:31.311 [main] INFO  TestCases.TC003_UpcomingBikePage - ---clickied on login and captured the error message too---
10:05:41.034 [main] INFO  TestCases.TC003_UpcomingBikePage - ---title is validated---
10:05:48.870 [main] INFO  TestCases.TC003_UpcomingBikePage - ---clicked on chennai city---
10:06:13.807 [main] INFO  TestCases.TC003_UpcomingBikePage - ---popular models are displayed---
10:06:16.539 [main] INFO  TestCases.TC003_UpcomingBikePage - ---returned homepage sucessfully---
10:06:20.338 [main] INFO  TestCases.TC003_UpcomingBikePage - ---clicked on upcoming bikes---
10:06:22.451 [main] INFO  TestCases.TC003_UpcomingBikePage - ---clickign on honda from dropdown is done---
10:06:31.911 [main] INFO  TestCases.TC003_UpcomingBikePage - ---details are shown successfully---
10:06:33.853 [main] INFO  TestCases.TC003_UpcomingBikePage - ---returned homepage successfully---
10:06:42.579 [main] INFO  TestCases.TC003_UpcomingBikePage - ---clickied on login and captured the error message too---
10:20:32.257 [main] INFO  TestCases.TC003_UpcomingBikePage - ---title is validated---
10:20:40.399 [main] INFO  TestCases.TC003_UpcomingBikePage - ---clicked on chennai city---
10:21:05.776 [main] INFO  TestCases.TC003_UpcomingBikePage - ---popular models are displayed---
10:21:08.089 [main] INFO  TestCases.TC003_UpcomingBikePage - ---clicked on upcoming bikes---
10:21:09.893 [main] INFO  TestCases.TC003_UpcomingBikePage - ---clickign on honda from dropdown is done---
10:21:18.635 [main] INFO  TestCases.TC003_UpcomingBikePage - ---details are shown successfully---
10:21:19.875 [main] INFO  TestCases.TC003_UpcomingBikePage - ---returned homepage successfully---
10:21:27.866 [main] INFO  TestCases.TC003_UpcomingBikePage - ---clickied on login and captured the error message too---
10:21:36.987 [main] INFO  TestCases.TC003_UpcomingBikePage - ---title is validated---
10:21:46.348 [main] INFO  TestCases.TC003_UpcomingBikePage - ---clicked on chennai city---
10:22:10.272 [main] INFO  TestCases.TC003_UpcomingBikePage - ---popular models are displayed---
10:22:14.081 [main] INFO  TestCases.TC003_UpcomingBikePage - ---clicked on upcoming bikes---
10:22:15.859 [main] INFO  TestCases.TC003_UpcomingBikePage - ---clickign on honda from dropdown is done---
10:22:24.227 [main] INFO  TestCases.TC003_UpcomingBikePage - ---details are shown successfully---
10:22:25.856 [main] INFO  TestCases.TC003_UpcomingBikePage - ---returned homepage successfully---
10:22:34.403 [main] INFO  TestCases.TC003_UpcomingBikePage - ---clickied on login and captured the error message too---
10:27:07.044 [main] INFO  TestCases.TC003_UpcomingBikePage - ---title is validated---
10:27:14.535 [main] INFO  TestCases.TC003_UpcomingBikePage - ---clicked on chennai city---
10:27:39.798 [main] INFO  TestCases.TC003_UpcomingBikePage - ---popular models are displayed---
10:27:40.917 [main] INFO  TestCases.TC003_UpcomingBikePage - ---returned homepage sucessfully---
10:27:45.552 [main] INFO  TestCases.TC003_UpcomingBikePage - ---clicked on upcoming bikes---
10:27:47.034 [main] INFO  TestCases.TC003_UpcomingBikePage - ---clickign on honda from dropdown is done---
10:27:56.242 [main] INFO  TestCases.TC003_UpcomingBikePage - ---details are shown successfully---
10:27:57.506 [main] INFO  TestCases.TC003_UpcomingBikePage - ---returned homepage successfully---
10:28:06.278 [main] INFO  TestCases.TC003_UpcomingBikePage - ---clickied on login and captured the error message too---
10:28:18.870 [main] INFO  TestCases.TC003_UpcomingBikePage - ---title is validated---
10:28:27.826 [main] INFO  TestCases.TC003_UpcomingBikePage - ---clicked on chennai city---
10:28:52.818 [main] INFO  TestCases.TC003_UpcomingBikePage - ---popular models are displayed---
10:28:54.984 [main] INFO  TestCases.TC003_UpcomingBikePage - ---returned homepage sucessfully---
10:29:01.363 [main] INFO  TestCases.TC003_UpcomingBikePage - ---clicked on upcoming bikes---
10:29:04.025 [main] INFO  TestCases.TC003_UpcomingBikePage - ---clickign on honda from dropdown is done---
10:29:13.029 [main] INFO  TestCases.TC003_UpcomingBikePage - ---details are shown successfully---
10:29:14.944 [main] INFO  TestCases.TC003_UpcomingBikePage - ---returned homepage successfully---
10:29:24.887 [main] INFO  TestCases.TC003_UpcomingBikePage - ---clickied on login and captured the error message too---
